<?xml version="1.0" encoding="UTF-8"?>
<testsuite xmlns:xsi="http://www.w3.org/2001/XMLSchema-instance" xsi:noNamespaceSchemaLocation="https://maven.apache.org/surefire/maven-surefire-plugin/xsd/surefire-test-report-3.0.xsd" version="3.0" name="TestSuite" time="4.412" tests="4" errors="0" skipped="0" failures="0">
  <properties>
    <property name="gopherProxySet" value="false"/>
    <property name="awt.toolkit" value="sun.lwawt.macosx.LWCToolkit"/>
    <property name="java.specification.version" value="11"/>
    <property name="sun.cpu.isalist" value=""/>
    <property name="sun.jnu.encoding" value="UTF-8"/>
    <property name="java.class.path" value="/Users/subbu/Documents/All previous projects/RestAssuredProjects/PetStoreAutomation/target/test-classes:/Users/subbu/Documents/All previous projects/RestAssuredProjects/PetStoreAutomation/target/classes:/Users/subbu/.m2/repository/io/rest-assured/rest-assured/5.3.0/rest-assured-5.3.0.jar:/Users/subbu/.m2/repository/org/apache/groovy/groovy/4.0.6/groovy-4.0.6.jar:/Users/subbu/.m2/repository/org/apache/groovy/groovy-xml/4.0.6/groovy-xml-4.0.6.jar:/Users/subbu/.m2/repository/org/apache/httpcomponents/httpclient/4.5.13/httpclient-4.5.13.jar:/Users/subbu/.m2/repository/org/apache/httpcomponents/httpcore/4.4.13/httpcore-4.4.13.jar:/Users/subbu/.m2/repository/commons-logging/commons-logging/1.2/commons-logging-1.2.jar:/Users/subbu/.m2/repository/org/apache/httpcomponents/httpmime/4.5.13/httpmime-4.5.13.jar:/Users/subbu/.m2/repository/org/hamcrest/hamcrest/2.1/hamcrest-2.1.jar:/Users/subbu/.m2/repository/org/ccil/cowan/tagsoup/tagsoup/1.2.1/tagsoup-1.2.1.jar:/Users/subbu/.m2/repository/io/rest-assured/xml-path/5.3.0/xml-path-5.3.0.jar:/Users/subbu/.m2/repository/io/rest-assured/json-path/5.3.0/json-path-5.3.0.jar:/Users/subbu/.m2/repository/org/apache/groovy/groovy-json/4.0.6/groovy-json-4.0.6.jar:/Users/subbu/.m2/repository/io/rest-assured/rest-assured-common/5.3.0/rest-assured-common-5.3.0.jar:/Users/subbu/.m2/repository/org/json/json/20230618/json-20230618.jar:/Users/subbu/.m2/repository/org/testng/testng/7.1.0/testng-7.1.0.jar:/Users/subbu/.m2/repository/com/beust/jcommander/1.72/jcommander-1.72.jar:/Users/subbu/.m2/repository/com/google/inject/guice/4.1.0/guice-4.1.0-no_aop.jar:/Users/subbu/.m2/repository/javax/inject/javax.inject/1/javax.inject-1.jar:/Users/subbu/.m2/repository/aopalliance/aopalliance/1.0/aopalliance-1.0.jar:/Users/subbu/.m2/repository/com/google/guava/guava/19.0/guava-19.0.jar:/Users/subbu/.m2/repository/org/yaml/snakeyaml/1.21/snakeyaml-1.21.jar:/Users/subbu/.m2/repository/com/github/scribejava/scribejava-apis/8.3.3/scribejava-apis-8.3.3.jar:/Users/subbu/.m2/repository/com/github/scribejava/scribejava-core/8.3.3/scribejava-core-8.3.3.jar:/Users/subbu/.m2/repository/com/github/scribejava/scribejava-java8/8.3.3/scribejava-java8-8.3.3.jar:/Users/subbu/.m2/repository/com/fasterxml/jackson/core/jackson-databind/2.14.0/jackson-databind-2.14.0.jar:/Users/subbu/.m2/repository/com/fasterxml/jackson/core/jackson-annotations/2.14.0/jackson-annotations-2.14.0.jar:/Users/subbu/.m2/repository/com/fasterxml/jackson/core/jackson-core/2.14.0/jackson-core-2.14.0.jar:/Users/subbu/.m2/repository/io/rest-assured/json-schema-validator/5.3.0/json-schema-validator-5.3.0.jar:/Users/subbu/.m2/repository/com/github/java-json-tools/json-schema-validator/2.2.14/json-schema-validator-2.2.14.jar:/Users/subbu/.m2/repository/com/github/java-json-tools/jackson-coreutils-equivalence/1.0/jackson-coreutils-equivalence-1.0.jar:/Users/subbu/.m2/repository/com/github/java-json-tools/jackson-coreutils/2.0/jackson-coreutils-2.0.jar:/Users/subbu/.m2/repository/com/github/java-json-tools/msg-simple/1.2/msg-simple-1.2.jar:/Users/subbu/.m2/repository/com/github/java-json-tools/btf/1.3/btf-1.3.jar:/Users/subbu/.m2/repository/com/github/java-json-tools/json-schema-core/1.2.14/json-schema-core-1.2.14.jar:/Users/subbu/.m2/repository/com/github/java-json-tools/uri-template/0.10/uri-template-0.10.jar:/Users/subbu/.m2/repository/org/mozilla/rhino/1.7.7.2/rhino-1.7.7.2.jar:/Users/subbu/.m2/repository/com/sun/mail/mailapi/1.6.2/mailapi-1.6.2.jar:/Users/subbu/.m2/repository/joda-time/joda-time/2.10.5/joda-time-2.10.5.jar:/Users/subbu/.m2/repository/com/googlecode/libphonenumber/libphonenumber/8.11.1/libphonenumber-8.11.1.jar:/Users/subbu/.m2/repository/com/google/code/findbugs/jsr305/3.0.2/jsr305-3.0.2.jar:/Users/subbu/.m2/repository/net/sf/jopt-simple/jopt-simple/5.0.4/jopt-simple-5.0.4.jar:/Users/subbu/.m2/repository/com/github/javafaker/javafaker/1.0.2/javafaker-1.0.2.jar:/Users/subbu/.m2/repository/org/apache/commons/commons-lang3/3.5/commons-lang3-3.5.jar:/Users/subbu/.m2/repository/org/yaml/snakeyaml/1.23/snakeyaml-1.23-android.jar:/Users/subbu/.m2/repository/com/github/mifmif/generex/1.0.2/generex-1.0.2.jar:/Users/subbu/.m2/repository/dk/brics/automaton/automaton/1.11-8/automaton-1.11-8.jar:/Users/subbu/.m2/repository/com/aventstack/extentreports/5.1.0/extentreports-5.1.0.jar:/Users/subbu/.m2/repository/io/reactivex/rxjava3/rxjava/3.1.6/rxjava-3.1.6.jar:/Users/subbu/.m2/repository/org/reactivestreams/reactive-streams/1.0.4/reactive-streams-1.0.4.jar:/Users/subbu/.m2/repository/org/freemarker/freemarker/2.3.32/freemarker-2.3.32.jar:/Users/subbu/.m2/repository/org/projectlombok/lombok/1.18.26/lombok-1.18.26.jar:/Users/subbu/.m2/repository/com/google/code/gson/gson/2.10.1/gson-2.10.1.jar:/Users/subbu/.m2/repository/org/apache/poi/poi/5.2.2/poi-5.2.2.jar:/Users/subbu/.m2/repository/commons-codec/commons-codec/1.15/commons-codec-1.15.jar:/Users/subbu/.m2/repository/org/apache/commons/commons-collections4/4.4/commons-collections4-4.4.jar:/Users/subbu/.m2/repository/org/apache/commons/commons-math3/3.6.1/commons-math3-3.6.1.jar:/Users/subbu/.m2/repository/commons-io/commons-io/2.11.0/commons-io-2.11.0.jar:/Users/subbu/.m2/repository/com/zaxxer/SparseBitSet/1.2/SparseBitSet-1.2.jar:/Users/subbu/.m2/repository/org/apache/poi/poi-ooxml/5.2.2/poi-ooxml-5.2.2.jar:/Users/subbu/.m2/repository/org/apache/poi/poi-ooxml-lite/5.2.2/poi-ooxml-lite-5.2.2.jar:/Users/subbu/.m2/repository/org/apache/xmlbeans/xmlbeans/5.0.3/xmlbeans-5.0.3.jar:/Users/subbu/.m2/repository/org/apache/commons/commons-compress/1.21/commons-compress-1.21.jar:/Users/subbu/.m2/repository/com/github/virtuald/curvesapi/1.07/curvesapi-1.07.jar:/Users/subbu/.m2/repository/org/apache/logging/log4j/log4j-api/2.20.0/log4j-api-2.20.0.jar:/Users/subbu/.m2/repository/org/apache/logging/log4j/log4j-core/2.20.0/log4j-core-2.20.0.jar:"/>
    <property name="java.vm.vendor" value="AdoptOpenJDK"/>
    <property name="sun.arch.data.model" value="64"/>
    <property name="java.vendor.url" value="https://adoptopenjdk.net/"/>
    <property name="user.timezone" value="America/New_York"/>
    <property name="java.vm.specification.version" value="11"/>
    <property name="os.name" value="Mac OS X"/>
    <property name="sun.java.launcher" value="SUN_STANDARD"/>
    <property name="user.country" value="US"/>
    <property name="sun.boot.library.path" value="/Library/Java/JavaVirtualMachines/adoptopenjdk-11.jdk/Contents/Home/lib"/>
    <property name="sun.java.command" value="/Users/subbu/Documents/All previous projects/RestAssuredProjects/PetStoreAutomation/target/surefire/surefirebooter-20231013134319097_3.jar /Users/subbu/Documents/All previous projects/RestAssuredProjects/PetStoreAutomation/target/surefire 2023-10-13T13-43-18_907-jvmRun1 surefire-20231013134319097_1tmp surefire_0-20231013134319097_2tmp"/>
    <property name="http.nonProxyHosts" value="local|*.local|169.254/16|*.169.254/16"/>
    <property name="jdk.debug" value="release"/>
    <property name="surefire.test.class.path" value="/Users/subbu/Documents/All previous projects/RestAssuredProjects/PetStoreAutomation/target/test-classes:/Users/subbu/Documents/All previous projects/RestAssuredProjects/PetStoreAutomation/target/classes:/Users/subbu/.m2/repository/io/rest-assured/rest-assured/5.3.0/rest-assured-5.3.0.jar:/Users/subbu/.m2/repository/org/apache/groovy/groovy/4.0.6/groovy-4.0.6.jar:/Users/subbu/.m2/repository/org/apache/groovy/groovy-xml/4.0.6/groovy-xml-4.0.6.jar:/Users/subbu/.m2/repository/org/apache/httpcomponents/httpclient/4.5.13/httpclient-4.5.13.jar:/Users/subbu/.m2/repository/org/apache/httpcomponents/httpcore/4.4.13/httpcore-4.4.13.jar:/Users/subbu/.m2/repository/commons-logging/commons-logging/1.2/commons-logging-1.2.jar:/Users/subbu/.m2/repository/org/apache/httpcomponents/httpmime/4.5.13/httpmime-4.5.13.jar:/Users/subbu/.m2/repository/org/hamcrest/hamcrest/2.1/hamcrest-2.1.jar:/Users/subbu/.m2/repository/org/ccil/cowan/tagsoup/tagsoup/1.2.1/tagsoup-1.2.1.jar:/Users/subbu/.m2/repository/io/rest-assured/xml-path/5.3.0/xml-path-5.3.0.jar:/Users/subbu/.m2/repository/io/rest-assured/json-path/5.3.0/json-path-5.3.0.jar:/Users/subbu/.m2/repository/org/apache/groovy/groovy-json/4.0.6/groovy-json-4.0.6.jar:/Users/subbu/.m2/repository/io/rest-assured/rest-assured-common/5.3.0/rest-assured-common-5.3.0.jar:/Users/subbu/.m2/repository/org/json/json/20230618/json-20230618.jar:/Users/subbu/.m2/repository/org/testng/testng/7.1.0/testng-7.1.0.jar:/Users/subbu/.m2/repository/com/beust/jcommander/1.72/jcommander-1.72.jar:/Users/subbu/.m2/repository/com/google/inject/guice/4.1.0/guice-4.1.0-no_aop.jar:/Users/subbu/.m2/repository/javax/inject/javax.inject/1/javax.inject-1.jar:/Users/subbu/.m2/repository/aopalliance/aopalliance/1.0/aopalliance-1.0.jar:/Users/subbu/.m2/repository/com/google/guava/guava/19.0/guava-19.0.jar:/Users/subbu/.m2/repository/org/yaml/snakeyaml/1.21/snakeyaml-1.21.jar:/Users/subbu/.m2/repository/com/github/scribejava/scribejava-apis/8.3.3/scribejava-apis-8.3.3.jar:/Users/subbu/.m2/repository/com/github/scribejava/scribejava-core/8.3.3/scribejava-core-8.3.3.jar:/Users/subbu/.m2/repository/com/github/scribejava/scribejava-java8/8.3.3/scribejava-java8-8.3.3.jar:/Users/subbu/.m2/repository/com/fasterxml/jackson/core/jackson-databind/2.14.0/jackson-databind-2.14.0.jar:/Users/subbu/.m2/repository/com/fasterxml/jackson/core/jackson-annotations/2.14.0/jackson-annotations-2.14.0.jar:/Users/subbu/.m2/repository/com/fasterxml/jackson/core/jackson-core/2.14.0/jackson-core-2.14.0.jar:/Users/subbu/.m2/repository/io/rest-assured/json-schema-validator/5.3.0/json-schema-validator-5.3.0.jar:/Users/subbu/.m2/repository/com/github/java-json-tools/json-schema-validator/2.2.14/json-schema-validator-2.2.14.jar:/Users/subbu/.m2/repository/com/github/java-json-tools/jackson-coreutils-equivalence/1.0/jackson-coreutils-equivalence-1.0.jar:/Users/subbu/.m2/repository/com/github/java-json-tools/jackson-coreutils/2.0/jackson-coreutils-2.0.jar:/Users/subbu/.m2/repository/com/github/java-json-tools/msg-simple/1.2/msg-simple-1.2.jar:/Users/subbu/.m2/repository/com/github/java-json-tools/btf/1.3/btf-1.3.jar:/Users/subbu/.m2/repository/com/github/java-json-tools/json-schema-core/1.2.14/json-schema-core-1.2.14.jar:/Users/subbu/.m2/repository/com/github/java-json-tools/uri-template/0.10/uri-template-0.10.jar:/Users/subbu/.m2/repository/org/mozilla/rhino/1.7.7.2/rhino-1.7.7.2.jar:/Users/subbu/.m2/repository/com/sun/mail/mailapi/1.6.2/mailapi-1.6.2.jar:/Users/subbu/.m2/repository/joda-time/joda-time/2.10.5/joda-time-2.10.5.jar:/Users/subbu/.m2/repository/com/googlecode/libphonenumber/libphonenumber/8.11.1/libphonenumber-8.11.1.jar:/Users/subbu/.m2/repository/com/google/code/findbugs/jsr305/3.0.2/jsr305-3.0.2.jar:/Users/subbu/.m2/repository/net/sf/jopt-simple/jopt-simple/5.0.4/jopt-simple-5.0.4.jar:/Users/subbu/.m2/repository/com/github/javafaker/javafaker/1.0.2/javafaker-1.0.2.jar:/Users/subbu/.m2/repository/org/apache/commons/commons-lang3/3.5/commons-lang3-3.5.jar:/Users/subbu/.m2/repository/org/yaml/snakeyaml/1.23/snakeyaml-1.23-android.jar:/Users/subbu/.m2/repository/com/github/mifmif/generex/1.0.2/generex-1.0.2.jar:/Users/subbu/.m2/repository/dk/brics/automaton/automaton/1.11-8/automaton-1.11-8.jar:/Users/subbu/.m2/repository/com/aventstack/extentreports/5.1.0/extentreports-5.1.0.jar:/Users/subbu/.m2/repository/io/reactivex/rxjava3/rxjava/3.1.6/rxjava-3.1.6.jar:/Users/subbu/.m2/repository/org/reactivestreams/reactive-streams/1.0.4/reactive-streams-1.0.4.jar:/Users/subbu/.m2/repository/org/freemarker/freemarker/2.3.32/freemarker-2.3.32.jar:/Users/subbu/.m2/repository/org/projectlombok/lombok/1.18.26/lombok-1.18.26.jar:/Users/subbu/.m2/repository/com/google/code/gson/gson/2.10.1/gson-2.10.1.jar:/Users/subbu/.m2/repository/org/apache/poi/poi/5.2.2/poi-5.2.2.jar:/Users/subbu/.m2/repository/commons-codec/commons-codec/1.15/commons-codec-1.15.jar:/Users/subbu/.m2/repository/org/apache/commons/commons-collections4/4.4/commons-collections4-4.4.jar:/Users/subbu/.m2/repository/org/apache/commons/commons-math3/3.6.1/commons-math3-3.6.1.jar:/Users/subbu/.m2/repository/commons-io/commons-io/2.11.0/commons-io-2.11.0.jar:/Users/subbu/.m2/repository/com/zaxxer/SparseBitSet/1.2/SparseBitSet-1.2.jar:/Users/subbu/.m2/repository/org/apache/poi/poi-ooxml/5.2.2/poi-ooxml-5.2.2.jar:/Users/subbu/.m2/repository/org/apache/poi/poi-ooxml-lite/5.2.2/poi-ooxml-lite-5.2.2.jar:/Users/subbu/.m2/repository/org/apache/xmlbeans/xmlbeans/5.0.3/xmlbeans-5.0.3.jar:/Users/subbu/.m2/repository/org/apache/commons/commons-compress/1.21/commons-compress-1.21.jar:/Users/subbu/.m2/repository/com/github/virtuald/curvesapi/1.07/curvesapi-1.07.jar:/Users/subbu/.m2/repository/org/apache/logging/log4j/log4j-api/2.20.0/log4j-api-2.20.0.jar:/Users/subbu/.m2/repository/org/apache/logging/log4j/log4j-core/2.20.0/log4j-core-2.20.0.jar:"/>
    <property name="sun.cpu.endian" value="little"/>
    <property name="user.home" value="/Users/subbu"/>
    <property name="user.language" value="en"/>
    <property name="java.specification.vendor" value="Oracle Corporation"/>
    <property name="java.version.date" value="2020-07-14"/>
    <property name="java.home" value="/Library/Java/JavaVirtualMachines/adoptopenjdk-11.jdk/Contents/Home"/>
    <property name="file.separator" value="/"/>
    <property name="basedir" value="/Users/subbu/Documents/All previous projects/RestAssuredProjects/PetStoreAutomation"/>
    <property name="java.vm.compressedOopsMode" value="Zero based"/>
    <property name="line.separator" value="&#10;"/>
    <property name="java.specification.name" value="Java Platform API Specification"/>
    <property name="java.vm.specification.vendor" value="Oracle Corporation"/>
    <property name="java.awt.graphicsenv" value="sun.awt.CGraphicsEnvironment"/>
    <property name="surefire.real.class.path" value="/Users/subbu/Documents/All previous projects/RestAssuredProjects/PetStoreAutomation/target/surefire/surefirebooter-20231013134319097_3.jar"/>
    <property name="sun.management.compiler" value="HotSpot 64-Bit Tiered Compilers"/>
    <property name="ftp.nonProxyHosts" value="local|*.local|169.254/16|*.169.254/16"/>
    <property name="java.runtime.version" value="11.0.8+10"/>
    <property name="user.name" value="subbu"/>
    <property name="path.separator" value=":"/>
    <property name="os.version" value="10.16"/>
    <property name="java.runtime.name" value="OpenJDK Runtime Environment"/>
    <property name="file.encoding" value="UTF-8"/>
    <property name="java.vm.name" value="OpenJDK 64-Bit Server VM"/>
    <property name="java.vendor.version" value="AdoptOpenJDK"/>
    <property name="localRepository" value="/Users/subbu/.m2/repository"/>
    <property name="java.vendor.url.bug" value="https://github.com/AdoptOpenJDK/openjdk-support/issues"/>
    <property name="java.io.tmpdir" value="/var/folders/58/4b9_jmcd28l7pqjs4k6c4_0r0000gp/T/"/>
    <property name="java.version" value="11.0.8"/>
    <property name="user.dir" value="/Users/subbu/Documents/All previous projects/RestAssuredProjects/PetStoreAutomation"/>
    <property name="os.arch" value="x86_64"/>
    <property name="java.vm.specification.name" value="Java Virtual Machine Specification"/>
    <property name="java.awt.printerjob" value="sun.lwawt.macosx.CPrinterJob"/>
    <property name="sun.os.patch.level" value="unknown"/>
    <property name="java.library.path" value="/Users/subbu/Library/Java/Extensions:/Library/Java/Extensions:/Network/Library/Java/Extensions:/System/Library/Java/Extensions:/usr/lib/java:."/>
    <property name="java.vm.info" value="mixed mode"/>
    <property name="java.vendor" value="AdoptOpenJDK"/>
    <property name="java.vm.version" value="11.0.8+10"/>
    <property name="sun.io.unicode.encoding" value="UnicodeBig"/>
    <property name="java.class.version" value="55.0"/>
    <property name="socksNonProxyHosts" value="local|*.local|169.254/16|*.169.254/16"/>
  </properties>
  <testcase name="testPostUser" classname="api.test.UserTests2" time="2.035">
    <system-out><![CDATA[ERROR StatusConsoleListener Unrecognized format specifier []
ERROR StatusConsoleListener Empty conversion specifier starting at position 2 in conversion pattern.
HTTP/1.1 200 OK
Date: Fri, 13 Oct 2023 17:43:23 GMT
Content-Type: application/json
Transfer-Encoding: chunked
Connection: keep-alive
Access-Control-Allow-Origin: *
Access-Control-Allow-Methods: GET, POST, DELETE, PUT
Access-Control-Allow-Headers: Content-Type, api_key, Authorization
Server: Jetty(9.2.9.v20150224)

{
    "code": 200,
    "type": "unknown",
    "message": "1256837057"
}
]]></system-out>
  </testcase>
  <testcase name="testGetUserByName" classname="api.test.UserTests2" time="0.102">
    <system-out><![CDATA[HTTP/1.1 200 OK
Date: Fri, 13 Oct 2023 17:43:23 GMT
Content-Type: application/json
Transfer-Encoding: chunked
Connection: keep-alive
Access-Control-Allow-Origin: *
Access-Control-Allow-Methods: GET, POST, DELETE, PUT
Access-Control-Allow-Headers: Content-Type, api_key, Authorization
Server: Jetty(9.2.9.v20150224)

{
    "id": 1256837057,
    "username": "eliseo.shanahan",
    "firstName": "Maxwell",
    "lastName": "Johnson",
    "email": "dot.rogahn@example.com",
    "password": "uy30ea3h",
    "phone": "735.193.3888",
    "userStatus": 0
}
]]></system-out>
  </testcase>
  <testcase name="testUpdateUserByName" classname="api.test.UserTests2" time="0.182">
    <system-out><![CDATA[HTTP/1.1 200 OK
Date: Fri, 13 Oct 2023 17:43:23 GMT
Content-Type: application/json
Transfer-Encoding: chunked
Connection: keep-alive
Access-Control-Allow-Origin: *
Access-Control-Allow-Methods: GET, POST, DELETE, PUT
Access-Control-Allow-Headers: Content-Type, api_key, Authorization
Server: Jetty(9.2.9.v20150224)

{
    "code": 200,
    "type": "unknown",
    "message": "1256837057"
}
{
    "code": 200,
    "type": "unknown",
    "message": "1256837057"
}
]]></system-out>
  </testcase>
  <testcase name="testDeleteUserByName" classname="api.test.UserTests2" time="0.076">
    <system-out><![CDATA[HTTP/1.1 200 OK
Date: Fri, 13 Oct 2023 17:43:23 GMT
Content-Type: application/json
Transfer-Encoding: chunked
Connection: keep-alive
Access-Control-Allow-Origin: *
Access-Control-Allow-Methods: GET, POST, DELETE, PUT
Access-Control-Allow-Headers: Content-Type, api_key, Authorization
Server: Jetty(9.2.9.v20150224)

{
    "code": 200,
    "type": "unknown",
    "message": "eliseo.shanahan"
}
]]></system-out>
  </testcase>
</testsuite>