<?xml version="1.0" encoding="UTF-8"?>
<!-- Generated by org.testng.reporters.JUnitReportReporter -->
<testsuite hostname="Nalinis-MacBook-Pro.local" failures="0" tests="6" name="api.test.DataDrivenTests" time="2.264" errors="0" timestamp="2023-10-11T21:19:05 EDT" skipped="0">
  <testcase classname="api.test.DataDrivenTests" name="testPostUser" time="1.701"/>
  <system-out/>
  <testcase classname="api.test.DataDrivenTests" name="testPostUser" time="0.115"/>
  <system-out/>
  <testcase classname="api.test.DataDrivenTests" name="testPostUser" time="0.112"/>
  <system-out/>
  <testcase classname="api.test.DataDrivenTests" name="testDeleteUserByName" time="0.119"/>
  <system-out/>
  <testcase classname="api.test.DataDrivenTests" name="testDeleteUserByName" time="0.108"/>
  <system-out/>
  <testcase classname="api.test.DataDrivenTests" name="testDeleteUserByName" time="0.109"/>
  <system-out/>
</testsuite> <!-- api.test.DataDrivenTests -->
