<?xml version="1.0" encoding="UTF-8"?>
<!-- Generated by org.testng.reporters.JUnitReportReporter -->
<testsuite hostname="Nalinis-MacBook-Pro.local" failures="0" tests="4" name="api.test.UserTests" time="2.131" errors="0" timestamp="2023-10-13T11:53:31 EDT" skipped="0">
  <testcase classname="api.test.UserTests" name="testPostUser" time="1.684"/>
  <system-out/>
  <testcase classname="api.test.UserTests" name="testGetUserByName" time="0.146"/>
  <system-out/>
  <testcase classname="api.test.UserTests" name="testUpdateUserByName" time="0.214"/>
  <system-out/>
  <testcase classname="api.test.UserTests" name="testDeleteUserByName" time="0.087"/>
  <system-out/>
</testsuite> <!-- api.test.UserTests -->
