<?xml version="1.0" encoding="UTF-8"?>
<!-- Generated by org.testng.reporters.JUnitReportReporter -->
<testsuite hostname="Nalinis-MacBook-Pro.local" failures="0" tests="4" name="api.test.UserTests2" time="2.386" errors="0" timestamp="2023-10-13T13:43:23 EDT" skipped="0">
  <testcase classname="api.test.UserTests2" name="testPostUser" time="2.003"/>
  <system-out/>
  <testcase classname="api.test.UserTests2" name="testGetUserByName" time="0.122"/>
  <system-out/>
  <testcase classname="api.test.UserTests2" name="testUpdateUserByName" time="0.184"/>
  <system-out/>
  <testcase classname="api.test.UserTests2" name="testDeleteUserByName" time="0.077"/>
  <system-out/>
</testsuite> <!-- api.test.UserTests2 -->
